This file contains any messages produced by compilers while
running configure, to aid debugging if configure makes a mistake.

It was created by gauche-imlib2 configure 1.0, which was
generated by GNU Autoconf 2.65.  Invocation command line was

  $ ./configure 

## --------- ##
## Platform. ##
## --------- ##

hostname = ubuntu
uname -m = x86_64
uname -r = 2.6.32-24-server
uname -s = Linux
uname -v = #43-Ubuntu SMP Thu Sep 16 16:05:42 UTC 2010

/usr/bin/uname -p = unknown
/bin/uname -X     = unknown

/bin/arch              = unknown
/usr/bin/arch -k       = unknown
/usr/convex/getsysinfo = unknown
/usr/bin/hostinfo      = unknown
/bin/machine           = unknown
/usr/bin/oslevel       = unknown
/bin/universe          = unknown

PATH: /home/nao/bin
PATH: /var/lib/gems/1.8/bin
PATH: /home/nao/bin
PATH: /var/lib/gems/1.8/bin
PATH: /home/nao/bin
PATH: /var/lib/gems/1.8/bin
PATH: /usr/local/sbin
PATH: /usr/local/bin
PATH: /usr/sbin
PATH: /usr/bin
PATH: /sbin
PATH: /bin
PATH: /usr/games


## ----------- ##
## Core tests. ##
## ----------- ##

configure:1677: checking for gosh
configure:1695: found /usr/bin/gosh
configure:1707: result: /usr/bin/gosh
configure:1717: checking for gauche-config
configure:1735: found /usr/bin/gauche-config
configure:1747: result: /usr/bin/gauche-config
configure:1757: checking for gauche-package
configure:1775: found /usr/bin/gauche-package
configure:1787: result: /usr/bin/gauche-package
configure:1797: checking for gauche-install
configure:1815: found /usr/bin/gauche-install
configure:1827: result: /usr/bin/gauche-install
configure:1837: checking for gauche-cesconv
configure:1855: found /usr/bin/gauche-cesconv
configure:1867: result: /usr/bin/gauche-cesconv
configure:1896: creating gauche-imlib2.gpd
configure:2043: creating ./config.status

## ---------------------- ##
## Running config.status. ##
## ---------------------- ##

This file was extended by gauche-imlib2 config.status 1.0, which was
generated by GNU Autoconf 2.65.  Invocation command line was

  CONFIG_FILES    = 
  CONFIG_HEADERS  = 
  CONFIG_LINKS    = 
  CONFIG_COMMANDS = 
  $ ./config.status 

on ubuntu

config.status:727: creating Makefile

## ---------------- ##
## Cache variables. ##
## ---------------- ##

ac_cv_env_build_alias_set=
ac_cv_env_build_alias_value=
ac_cv_env_host_alias_set=
ac_cv_env_host_alias_value=
ac_cv_env_target_alias_set=
ac_cv_env_target_alias_value=
ac_cv_path_GAUCHE_CESCONV=/usr/bin/gauche-cesconv
ac_cv_path_GAUCHE_CONFIG=/usr/bin/gauche-config
ac_cv_path_GAUCHE_INSTALL=/usr/bin/gauche-install
ac_cv_path_GAUCHE_PACKAGE=/usr/bin/gauche-package
ac_cv_path_GOSH=/usr/bin/gosh

## ----------------- ##
## Output variables. ##
## ----------------- ##

DEFS='-DPACKAGE_NAME=\"gauche-imlib2\" -DPACKAGE_TARNAME=\"gauche-imlib2\" -DPACKAGE_VERSION=\"1.0\" -DPACKAGE_STRING=\"gauche-imlib2\ 1.0\" -DPACKAGE_BUGREPORT=\"shiro@acm.org\" -DPACKAGE_URL=\"\"'
ECHO_C=''
ECHO_N='-n'
ECHO_T=''
EXEEXT=''
GAUCHE_CESCONV='/usr/bin/gauche-cesconv'
GAUCHE_CONFIG='/usr/bin/gauche-config'
GAUCHE_INSTALL='/usr/bin/gauche-install'
GAUCHE_PACKAGE='/usr/bin/gauche-package'
GAUCHE_PKGARCHDIR='${libdir}/gauche/site/0.9/x86_64-pc-linux-gnu'
GAUCHE_PKGINCDIR='${libdir}/gauche/site/include'
GAUCHE_PKGLIBDIR='${datadir}/gauche/site/lib'
GOSH='/usr/bin/gosh'
LIBOBJS=''
LIBS=''
LOCAL_PATHS=''
LTLIBOBJS=''
OBJEXT='o'
PACKAGE_BUGREPORT='shiro@acm.org'
PACKAGE_NAME='gauche-imlib2'
PACKAGE_STRING='gauche-imlib2 1.0'
PACKAGE_TARNAME='gauche-imlib2'
PACKAGE_URL=''
PACKAGE_VERSION='1.0'
PATH_SEPARATOR=':'
SHELL='/bin/bash'
SOEXT='so'
bindir='${exec_prefix}/bin'
build_alias=''
datadir='${datarootdir}'
datarootdir='${prefix}/share'
docdir='${datarootdir}/doc/${PACKAGE_TARNAME}'
dvidir='${docdir}'
exec_prefix='${prefix}'
host_alias=''
htmldir='${docdir}'
includedir='${prefix}/include'
infodir='${datarootdir}/info'
libdir='${exec_prefix}/lib'
libexecdir='${exec_prefix}/libexec'
localedir='${datarootdir}/locale'
localstatedir='${prefix}/var'
mandir='${datarootdir}/man'
oldincludedir='/usr/include'
pdfdir='${docdir}'
prefix='/usr'
program_transform_name='s,x,x,'
psdir='${docdir}'
sbindir='${exec_prefix}/sbin'
sharedstatedir='${prefix}/com'
sysconfdir='${prefix}/etc'
target_alias=''

## ----------- ##
## confdefs.h. ##
## ----------- ##

/* confdefs.h */
#define PACKAGE_NAME "gauche-imlib2"
#define PACKAGE_TARNAME "gauche-imlib2"
#define PACKAGE_VERSION "1.0"
#define PACKAGE_STRING "gauche-imlib2 1.0"
#define PACKAGE_BUGREPORT "shiro@acm.org"
#define PACKAGE_URL ""

configure: exit 0
